Start testing: Apr 25 13:46 GTB Summer Time
----------------------------------------------------------
1/1 Testing: test1
1/1 Test: test1
Command: "C:/Users/Alex/Documents/VSCode/faculta/SDA/proj9/build/proj9.exe"
Directory: C:/Users/Alex/Documents/VSCode/faculta/SDA/proj9/build
"test1" start time: Apr 25 13:46 GTB Summer Time
Output:
----------------------------------------------------------
function test
1 2
1 2
1 2
Vertices:
1 2 3 4 
Edges: 3
(1, 2) (1, 3) (1, 4) 

Succes!
<end of output>
Test time =   0.04 sec
----------------------------------------------------------
Test Passed.
"test1" end time: Apr 25 13:46 GTB Summer Time
"test1" time elapsed: 00:00:00
----------------------------------------------------------

End testing: Apr 25 13:46 GTB Summer Time
